2014-03-02 14:08:13 Error: [MissingPluginException] Plugin DebugKit could not be found.
Exception Attributes: array (
  'plugin' => 'DebugKit',
)
Request URL: /
Stack Trace:
#0 /Users/sansar/public_html/test/lib/Cake/Core/App.php(365): CakePlugin::path('DebugKit')
#1 /Users/sansar/public_html/test/lib/Cake/Core/App.php(226): App::pluginPath('DebugKit')
#2 /Users/sansar/public_html/test/lib/Cake/Core/App.php(547): App::path('Controller/Comp...', 'DebugKit')
#3 [internal function]: App::load('ToolbarComponen...')
#4 [internal function]: spl_autoload_call('ToolbarComponen...')
#5 /Users/sansar/public_html/test/lib/Cake/Controller/ComponentCollection.php(110): class_exists('ToolbarComponen...')
#6 /Users/sansar/public_html/test/lib/Cake/Controller/ComponentCollection.php(53): ComponentCollection->load('DebugKit.Toolba...', Array)
#7 /Users/sansar/public_html/test/lib/Cake/Controller/Controller.php(643): ComponentCollection->init(Object(PagesController))
#8 /Users/sansar/public_html/test/lib/Cake/Routing/Dispatcher.php(181): Controller->constructClasses()
#9 /Users/sansar/public_html/test/lib/Cake/Routing/Dispatcher.php(160): Dispatcher->_invoke(Object(PagesController), Object(CakeRequest), Object(CakeResponse))
#10 /Users/sansar/public_html/test/app/webroot/index.php(108): Dispatcher->dispatch(Object(CakeRequest), Object(CakeResponse))
#11 {main}
2014-03-02 15:54:29 Error: [MissingControllerException] Controller class ImgController could not be found.
Exception Attributes: array (
  'class' => 'ImgController',
  'plugin' => NULL,
)
Request URL: /img/facebook_login.jpg
Stack Trace:
#0 /Users/sansar/public_html/mbay/app/webroot/index.php(108): Dispatcher->dispatch(Object(CakeRequest), Object(CakeResponse))
#1 {main}
2014-03-02 15:54:29 Error: [MissingControllerException] Controller class ImgController could not be found.
Exception Attributes: array (
  'class' => 'ImgController',
  'plugin' => NULL,
)
Request URL: /img/twitter_login.jpg
Stack Trace:
#0 /Users/sansar/public_html/mbay/app/webroot/index.php(108): Dispatcher->dispatch(Object(CakeRequest), Object(CakeResponse))
#1 {main}
2014-03-02 15:54:54 Error: [MissingControllerException] Controller class CssController could not be found.
Exception Attributes: array (
  'class' => 'CssController',
  'plugin' => NULL,
)
Request URL: /css/style.css
Stack Trace:
#0 /Users/sansar/public_html/mbay/app/webroot/index.php(108): Dispatcher->dispatch(Object(CakeRequest), Object(CakeResponse))
#1 {main}
2014-03-02 15:54:54 Error: [MissingControllerException] Controller class CssController could not be found.
Exception Attributes: array (
  'class' => 'CssController',
  'plugin' => NULL,
)
Request URL: /css/jquery.fileupload.css
Stack Trace:
#0 /Users/sansar/public_html/mbay/app/webroot/index.php(108): Dispatcher->dispatch(Object(CakeRequest), Object(CakeResponse))
#1 {main}
2014-03-02 15:54:54 Error: [MissingControllerException] Controller class CssController could not be found.
Exception Attributes: array (
  'class' => 'CssController',
  'plugin' => NULL,
)
Request URL: /css/jquery.fileupload-ui.css
Stack Trace:
#0 /Users/sansar/public_html/mbay/app/webroot/index.php(108): Dispatcher->dispatch(Object(CakeRequest), Object(CakeResponse))
#1 {main}
2014-03-02 15:54:54 Error: [MissingControllerException] Controller class CssController could not be found.
Exception Attributes: array (
  'class' => 'CssController',
  'plugin' => NULL,
)
Request URL: /css/css/index.css
Stack Trace:
#0 /Users/sansar/public_html/mbay/app/webroot/index.php(108): Dispatcher->dispatch(Object(CakeRequest), Object(CakeResponse))
#1 {main}
2014-03-02 15:54:54 Error: [MissingControllerException] Controller class CssController could not be found.
Exception Attributes: array (
  'class' => 'CssController',
  'plugin' => NULL,
)
Request URL: /css/css/exvalidation.css
Stack Trace:
#0 /Users/sansar/public_html/mbay/app/webroot/index.php(108): Dispatcher->dispatch(Object(CakeRequest), Object(CakeResponse))
#1 {main}
2014-03-02 15:54:54 Error: [MissingControllerException] Controller class CssController could not be found.
Exception Attributes: array (
  'class' => 'CssController',
  'plugin' => NULL,
)
Request URL: /css/bootstrap.min.css
Stack Trace:
#0 /Users/sansar/public_html/mbay/app/webroot/index.php(108): Dispatcher->dispatch(Object(CakeRequest), Object(CakeResponse))
#1 {main}
2014-03-02 15:54:55 Error: [MissingControllerException] Controller class JsController could not be found.
Exception Attributes: array (
  'class' => 'JsController',
  'plugin' => NULL,
)
Request URL: /js/exvalidation.js
Stack Trace:
#0 /Users/sansar/public_html/mbay/app/webroot/index.php(108): Dispatcher->dispatch(Object(CakeRequest), Object(CakeResponse))
#1 {main}
2014-03-02 15:54:55 Error: [MissingControllerException] Controller class JsController could not be found.
Exception Attributes: array (
  'class' => 'JsController',
  'plugin' => NULL,
)
Request URL: /js/jquery.ui.widget.js
Stack Trace:
#0 /Users/sansar/public_html/mbay/app/webroot/index.php(108): Dispatcher->dispatch(Object(CakeRequest), Object(CakeResponse))
#1 {main}
2014-03-02 15:54:55 Error: [MissingControllerException] Controller class JsController could not be found.
Exception Attributes: array (
  'class' => 'JsController',
  'plugin' => NULL,
)
Request URL: /js/exchecker-ja.js
Stack Trace:
#0 /Users/sansar/public_html/mbay/app/webroot/index.php(108): Dispatcher->dispatch(Object(CakeRequest), Object(CakeResponse))
#1 {main}
2014-03-02 15:54:55 Error: [MissingControllerException] Controller class JsController could not be found.
Exception Attributes: array (
  'class' => 'JsController',
  'plugin' => NULL,
)
Request URL: /js/jquery.fileupload.js
Stack Trace:
#0 /Users/sansar/public_html/mbay/app/webroot/index.php(108): Dispatcher->dispatch(Object(CakeRequest), Object(CakeResponse))
#1 {main}
2014-03-02 15:54:55 Error: [MissingControllerException] Controller class JsController could not be found.
Exception Attributes: array (
  'class' => 'JsController',
  'plugin' => NULL,
)
Request URL: /js/jquery.iframe-transport.js
Stack Trace:
#0 /Users/sansar/public_html/mbay/app/webroot/index.php(108): Dispatcher->dispatch(Object(CakeRequest), Object(CakeResponse))
#1 {main}
2014-03-02 15:54:55 Error: [MissingControllerException] Controller class JsController could not be found.
Exception Attributes: array (
  'class' => 'JsController',
  'plugin' => NULL,
)
Request URL: /js/jquery.fileupload-process.js
Stack Trace:
#0 /Users/sansar/public_html/mbay/app/webroot/index.php(108): Dispatcher->dispatch(Object(CakeRequest), Object(CakeResponse))
#1 {main}
2014-03-02 15:54:55 Error: [MissingControllerException] Controller class JsController could not be found.
Exception Attributes: array (
  'class' => 'JsController',
  'plugin' => NULL,
)
Request URL: /js/jquery.fileupload-image.js
Stack Trace:
#0 /Users/sansar/public_html/mbay/app/webroot/index.php(108): Dispatcher->dispatch(Object(CakeRequest), Object(CakeResponse))
#1 {main}
2014-03-02 15:54:55 Error: [MissingControllerException] Controller class JsController could not be found.
Exception Attributes: array (
  'class' => 'JsController',
  'plugin' => NULL,
)
Request URL: /js/jquery.fileupload-validate.js
Stack Trace:
#0 /Users/sansar/public_html/mbay/app/webroot/index.php(108): Dispatcher->dispatch(Object(CakeRequest), Object(CakeResponse))
#1 {main}
2014-03-02 15:54:55 Error: [MissingControllerException] Controller class JsController could not be found.
Exception Attributes: array (
  'class' => 'JsController',
  'plugin' => NULL,
)
Request URL: /js/jquery.fileupload-ui.js
Stack Trace:
#0 /Users/sansar/public_html/mbay/app/webroot/index.php(108): Dispatcher->dispatch(Object(CakeRequest), Object(CakeResponse))
#1 {main}
2014-03-02 15:54:55 Error: [MissingControllerException] Controller class JsController could not be found.
Exception Attributes: array (
  'class' => 'JsController',
  'plugin' => NULL,
)
Request URL: /js/main.js
Stack Trace:
#0 /Users/sansar/public_html/mbay/app/webroot/index.php(108): Dispatcher->dispatch(Object(CakeRequest), Object(CakeResponse))
#1 {main}
2014-03-02 17:01:25 Error: [MissingControllerException] Controller class AFilesController could not be found.
Exception Attributes: array (
  'class' => 'AFilesController',
  'plugin' => NULL,
)
Request URL: /a_files/31eq2bYrOCL._SX38_SY50_CR,0,0,38,50_.jpg
Stack Trace:
#0 /Users/sansar/public_html/mbay/app/webroot/index.php(108): Dispatcher->dispatch(Object(CakeRequest), Object(CakeResponse))
#1 {main}
2014-03-02 17:01:25 Error: [MissingControllerException] Controller class AFilesController could not be found.
Exception Attributes: array (
  'class' => 'AFilesController',
  'plugin' => NULL,
)
Request URL: /a_files/71-Y9SOUNgL._SY500_.jpg
Stack Trace:
#0 /Users/sansar/public_html/mbay/app/webroot/index.php(108): Dispatcher->dispatch(Object(CakeRequest), Object(CakeResponse))
#1 {main}
2014-03-02 17:01:25 Error: [MissingControllerException] Controller class AFilesController could not be found.
Exception Attributes: array (
  'class' => 'AFilesController',
  'plugin' => NULL,
)
Request URL: /a_files/41q9fjL9SeL._SX38_SY50_CR,0,0,38,50_.jpg
Stack Trace:
#0 /Users/sansar/public_html/mbay/app/webroot/index.php(108): Dispatcher->dispatch(Object(CakeRequest), Object(CakeResponse))
#1 {main}
2014-03-02 17:01:25 Error: [MissingControllerException] Controller class AFilesController could not be found.
Exception Attributes: array (
  'class' => 'AFilesController',
  'plugin' => NULL,
)
Request URL: /a_files/31mSLsIjbHL._SX38_SY50_CR,0,0,38,50_.jpg
Stack Trace:
#0 /Users/sansar/public_html/mbay/app/webroot/index.php(108): Dispatcher->dispatch(Object(CakeRequest), Object(CakeResponse))
#1 {main}
2014-03-02 17:04:30 Error: [MissingControllerException] Controller class ImagesController could not be found.
Exception Attributes: array (
  'class' => 'ImagesController',
  'plugin' => NULL,
)
Request URL: /images/submit.gif
Stack Trace:
#0 /Users/sansar/public_html/mbay/app/webroot/index.php(108): Dispatcher->dispatch(Object(CakeRequest), Object(CakeResponse))
#1 {main}
2014-03-02 17:04:30 Error: [MissingControllerException] Controller class CssController could not be found.
Exception Attributes: array (
  'class' => 'CssController',
  'plugin' => NULL,
)
Request URL: /css/images/dot.jpg
Stack Trace:
#0 /Users/sansar/public_html/mbay/app/webroot/index.php(108): Dispatcher->dispatch(Object(CakeRequest), Object(CakeResponse))
#1 {main}
2014-03-02 17:04:30 Error: [MissingControllerException] Controller class CssController could not be found.
Exception Attributes: array (
  'class' => 'CssController',
  'plugin' => NULL,
)
Request URL: /css/images/stripe_line.gif
Stack Trace:
#0 /Users/sansar/public_html/mbay/app/webroot/index.php(108): Dispatcher->dispatch(Object(CakeRequest), Object(CakeResponse))
#1 {main}
2014-03-02 17:04:30 Error: [MissingControllerException] Controller class ImagesController could not be found.
Exception Attributes: array (
  'class' => 'ImagesController',
  'plugin' => NULL,
)
Request URL: /images/regist_title.gif
Stack Trace:
#0 /Users/sansar/public_html/mbay/app/webroot/index.php(108): Dispatcher->dispatch(Object(CakeRequest), Object(CakeResponse))
#1 {main}
2014-03-02 17:07:32 Error: Fatal Error (1): Call to a member function input() on a non-object in [/Users/sansar/public_html/mbay/app/Controller/GoodsController.php, line 29]
2014-03-02 17:07:32 Error: [FatalErrorException] Call to a member function input() on a non-object
Request URL: /goods/step2/101
Stack Trace:
#0 /Users/sansar/public_html/mbay/lib/Cake/Error/ErrorHandler.php(203): ErrorHandler::handleFatalError(1, 'Call to a membe...', '/Users/sansar/p...', 29)
#1 [internal function]: ErrorHandler::handleError(1, 'Call to a membe...', '/Users/sansar/p...', 29, Array)
#2 /Users/sansar/public_html/mbay/lib/Cake/Core/App.php(929): call_user_func('ErrorHandler::h...', 1, 'Call to a membe...', '/Users/sansar/p...', 29, Array)
#3 /Users/sansar/public_html/mbay/lib/Cake/Core/App.php(902): App::_checkFatalError()
#4 [internal function]: App::shutdown()
#5 {main}
2014-03-02 17:08:38 Error: Fatal Error (1): Call to a member function input() on a non-object in [/Users/sansar/public_html/mbay/app/Controller/GoodsController.php, line 29]
2014-03-02 17:08:38 Error: [FatalErrorException] Call to a member function input() on a non-object
Request URL: /goods/step2/101
Stack Trace:
#0 /Users/sansar/public_html/mbay/lib/Cake/Error/ErrorHandler.php(203): ErrorHandler::handleFatalError(1, 'Call to a membe...', '/Users/sansar/p...', 29)
#1 [internal function]: ErrorHandler::handleError(1, 'Call to a membe...', '/Users/sansar/p...', 29, Array)
#2 /Users/sansar/public_html/mbay/lib/Cake/Core/App.php(929): call_user_func('ErrorHandler::h...', 1, 'Call to a membe...', '/Users/sansar/p...', 29, Array)
#3 /Users/sansar/public_html/mbay/lib/Cake/Core/App.php(902): App::_checkFatalError()
#4 [internal function]: App::shutdown()
#5 {main}
2014-03-02 17:09:51 Error: Fatal Error (1): Call to a member function input() on a non-object in [/Users/sansar/public_html/mbay/app/Controller/GoodsController.php, line 29]
2014-03-02 17:09:51 Error: [FatalErrorException] Call to a member function input() on a non-object
Request URL: /goods/step2/101
Stack Trace:
#0 /Users/sansar/public_html/mbay/lib/Cake/Error/ErrorHandler.php(203): ErrorHandler::handleFatalError(1, 'Call to a membe...', '/Users/sansar/p...', 29)
#1 [internal function]: ErrorHandler::handleError(1, 'Call to a membe...', '/Users/sansar/p...', 29, Array)
#2 /Users/sansar/public_html/mbay/lib/Cake/Core/App.php(929): call_user_func('ErrorHandler::h...', 1, 'Call to a membe...', '/Users/sansar/p...', 29, Array)
#3 /Users/sansar/public_html/mbay/lib/Cake/Core/App.php(902): App::_checkFatalError()
#4 [internal function]: App::shutdown()
#5 {main}
2014-03-02 17:10:54 Error: Fatal Error (1): Call to a member function input() on a non-object in [/Users/sansar/public_html/mbay/app/Controller/GoodsController.php, line 29]
2014-03-02 17:10:54 Error: [FatalErrorException] Call to a member function input() on a non-object
Request URL: /goods/step2/101
Stack Trace:
#0 /Users/sansar/public_html/mbay/lib/Cake/Error/ErrorHandler.php(203): ErrorHandler::handleFatalError(1, 'Call to a membe...', '/Users/sansar/p...', 29)
#1 [internal function]: ErrorHandler::handleError(1, 'Call to a membe...', '/Users/sansar/p...', 29, Array)
#2 /Users/sansar/public_html/mbay/lib/Cake/Core/App.php(929): call_user_func('ErrorHandler::h...', 1, 'Call to a membe...', '/Users/sansar/p...', 29, Array)
#3 /Users/sansar/public_html/mbay/lib/Cake/Core/App.php(902): App::_checkFatalError()
#4 [internal function]: App::shutdown()
#5 {main}
2014-03-02 17:11:14 Error: Fatal Error (1): Allowed memory size of 134217728 bytes exhausted (tried to allocate 62914560 bytes) in [/Users/sansar/public_html/mbay/lib/Cake/Utility/Debugger.php, line 605]
2014-03-02 17:11:14 Error: [FatalErrorException] Allowed memory size of 134217728 bytes exhausted (tried to allocate 62914560 bytes)
Request URL: /goods/step2/101
Stack Trace:
#0 /Users/sansar/public_html/mbay/lib/Cake/Error/ErrorHandler.php(203): ErrorHandler::handleFatalError(1, 'Allowed memory ...', '/Users/sansar/p...', 605)
#1 [internal function]: ErrorHandler::handleError(1, 'Allowed memory ...', '/Users/sansar/p...', 605, Array)
#2 /Users/sansar/public_html/mbay/lib/Cake/Core/App.php(929): call_user_func('ErrorHandler::h...', 1, 'Allowed memory ...', '/Users/sansar/p...', 605, Array)
#3 /Users/sansar/public_html/mbay/lib/Cake/Core/App.php(902): App::_checkFatalError()
#4 [internal function]: App::shutdown()
#5 {main}
2014-03-02 17:20:50 Error: Fatal Error (1): Call to undefined method View::error() in [/Users/sansar/public_html/mbay/app/Controller/GoodsController.php, line 45]
2014-03-02 17:20:50 Error: [FatalErrorException] Call to undefined method View::error()
Request URL: /goods/step2/101
Stack Trace:
#0 /Users/sansar/public_html/mbay/lib/Cake/Error/ErrorHandler.php(203): ErrorHandler::handleFatalError(1, 'Call to undefin...', '/Users/sansar/p...', 45)
#1 [internal function]: ErrorHandler::handleError(1, 'Call to undefin...', '/Users/sansar/p...', 45, Array)
#2 /Users/sansar/public_html/mbay/lib/Cake/Core/App.php(929): call_user_func('ErrorHandler::h...', 1, 'Call to undefin...', '/Users/sansar/p...', 45, Array)
#3 /Users/sansar/public_html/mbay/lib/Cake/Core/App.php(902): App::_checkFatalError()
#4 [internal function]: App::shutdown()
#5 {main}
2014-03-02 17:21:25 Error: Fatal Error (1): Call to undefined method View::error() in [/Users/sansar/public_html/mbay/app/Controller/GoodsController.php, line 46]
2014-03-02 17:21:25 Error: [FatalErrorException] Call to undefined method View::error()
Request URL: /goods/step2/101
Stack Trace:
#0 /Users/sansar/public_html/mbay/lib/Cake/Error/ErrorHandler.php(203): ErrorHandler::handleFatalError(1, 'Call to undefin...', '/Users/sansar/p...', 46)
#1 [internal function]: ErrorHandler::handleError(1, 'Call to undefin...', '/Users/sansar/p...', 46, Array)
#2 /Users/sansar/public_html/mbay/lib/Cake/Core/App.php(929): call_user_func('ErrorHandler::h...', 1, 'Call to undefin...', '/Users/sansar/p...', 46, Array)
#3 /Users/sansar/public_html/mbay/lib/Cake/Core/App.php(902): App::_checkFatalError()
#4 [internal function]: App::shutdown()
#5 {main}
2014-03-02 17:26:54 Error: [MissingControllerException] Controller class AFilesController could not be found.
Exception Attributes: array (
  'class' => 'AFilesController',
  'plugin' => NULL,
)
Request URL: /a_files/31mSLsIjbHL._SX38_SY50_CR,0,0,38,50_.jpg
Stack Trace:
#0 /Users/sansar/public_html/mbay/app/webroot/index.php(108): Dispatcher->dispatch(Object(CakeRequest), Object(CakeResponse))
#1 {main}
2014-03-02 17:26:54 Error: [MissingControllerException] Controller class AFilesController could not be found.
Exception Attributes: array (
  'class' => 'AFilesController',
  'plugin' => NULL,
)
Request URL: /a_files/31eq2bYrOCL._SX38_SY50_CR,0,0,38,50_.jpg
Stack Trace:
#0 /Users/sansar/public_html/mbay/app/webroot/index.php(108): Dispatcher->dispatch(Object(CakeRequest), Object(CakeResponse))
#1 {main}
2014-03-02 17:26:54 Error: [MissingControllerException] Controller class AFilesController could not be found.
Exception Attributes: array (
  'class' => 'AFilesController',
  'plugin' => NULL,
)
Request URL: /a_files/41q9fjL9SeL._SX38_SY50_CR,0,0,38,50_.jpg
Stack Trace:
#0 /Users/sansar/public_html/mbay/app/webroot/index.php(108): Dispatcher->dispatch(Object(CakeRequest), Object(CakeResponse))
#1 {main}
2014-03-02 17:26:55 Error: [MissingControllerException] Controller class AFilesController could not be found.
Exception Attributes: array (
  'class' => 'AFilesController',
  'plugin' => NULL,
)
Request URL: /a_files/71-Y9SOUNgL._SY500_.jpg
Stack Trace:
#0 /Users/sansar/public_html/mbay/app/webroot/index.php(108): Dispatcher->dispatch(Object(CakeRequest), Object(CakeResponse))
#1 {main}
2014-03-02 18:02:15 Error: [MissingControllerException] Controller class ServerController could not be found.
Exception Attributes: array (
  'class' => 'ServerController',
  'plugin' => NULL,
)
Request URL: /server/php/files/tmp/dirpaththumbnail/234b72f2688e34d69de72fa30b91d4fb.png
Stack Trace:
#0 /Users/sansar/public_html/mbay/app/webroot/index.php(108): Dispatcher->dispatch(Object(CakeRequest), Object(CakeResponse))
#1 {main}
2014-03-02 18:02:15 Error: [MissingControllerException] Controller class ServerController could not be found.
Exception Attributes: array (
  'class' => 'ServerController',
  'plugin' => NULL,
)
Request URL: /server/php/files/tmp/dirpath234b72f2688e34d69de72fa30b91d4fb.png
Stack Trace:
#0 /Users/sansar/public_html/mbay/app/webroot/index.php(108): Dispatcher->dispatch(Object(CakeRequest), Object(CakeResponse))
#1 {main}
2014-03-02 18:19:01 Error: [MissingControllerException] Controller class ServerController could not be found.
Exception Attributes: array (
  'class' => 'ServerController',
  'plugin' => NULL,
)
Request URL: /server/php/files/tmp/dirpath/thumbnail/DSC01942.JPG
Stack Trace:
#0 /Users/sansar/public_html/mbay/app/webroot/index.php(108): Dispatcher->dispatch(Object(CakeRequest), Object(CakeResponse))
#1 {main}
2014-03-02 18:19:01 Error: [MissingControllerException] Controller class ServerController could not be found.
Exception Attributes: array (
  'class' => 'ServerController',
  'plugin' => NULL,
)
Request URL: /server/php/files/tmp/dirpath/DSC01942.JPG
Stack Trace:
#0 /Users/sansar/public_html/mbay/app/webroot/index.php(108): Dispatcher->dispatch(Object(CakeRequest), Object(CakeResponse))
#1 {main}
2014-03-02 18:44:07 Error: [MissingControllerException] Controller class CssController could not be found.
Exception Attributes: array (
  'class' => 'CssController',
  'plugin' => NULL,
)
Request URL: /css/css/exvalidation.css
Stack Trace:
#0 /Users/sansar/public_html/mbay/app/webroot/index.php(108): Dispatcher->dispatch(Object(CakeRequest), Object(CakeResponse))
#1 {main}
2014-03-02 18:44:07 Error: [MissingControllerException] Controller class ImagesController could not be found.
Exception Attributes: array (
  'class' => 'ImagesController',
  'plugin' => NULL,
)
Request URL: /images/regist_title.gif
Stack Trace:
#0 /Users/sansar/public_html/mbay/app/webroot/index.php(108): Dispatcher->dispatch(Object(CakeRequest), Object(CakeResponse))
#1 {main}
2014-03-02 18:44:07 Error: [MissingControllerException] Controller class ImagesController could not be found.
Exception Attributes: array (
  'class' => 'ImagesController',
  'plugin' => NULL,
)
Request URL: /images/submit.gif
Stack Trace:
#0 /Users/sansar/public_html/mbay/app/webroot/index.php(108): Dispatcher->dispatch(Object(CakeRequest), Object(CakeResponse))
#1 {main}
2014-03-02 18:44:07 Error: [MissingControllerException] Controller class CssController could not be found.
Exception Attributes: array (
  'class' => 'CssController',
  'plugin' => NULL,
)
Request URL: /css/css/index.css
Stack Trace:
#0 /Users/sansar/public_html/mbay/app/webroot/index.php(108): Dispatcher->dispatch(Object(CakeRequest), Object(CakeResponse))
#1 {main}
2014-03-02 18:44:07 Error: [MissingControllerException] Controller class ImagesController could not be found.
Exception Attributes: array (
  'class' => 'ImagesController',
  'plugin' => NULL,
)
Request URL: /images/regist_title.gif
Stack Trace:
#0 /Users/sansar/public_html/mbay/app/webroot/index.php(108): Dispatcher->dispatch(Object(CakeRequest), Object(CakeResponse))
#1 {main}
2014-03-02 18:44:07 Error: [MissingControllerException] Controller class ImagesController could not be found.
Exception Attributes: array (
  'class' => 'ImagesController',
  'plugin' => NULL,
)
Request URL: /images/submit.gif
Stack Trace:
#0 /Users/sansar/public_html/mbay/app/webroot/index.php(108): Dispatcher->dispatch(Object(CakeRequest), Object(CakeResponse))
#1 {main}
2014-03-02 18:44:10 Error: [MissingControllerException] Controller class JsController could not be found.
Exception Attributes: array (
  'class' => 'JsController',
  'plugin' => NULL,
)
Request URL: /js/uploader/jquery.iframe-transport.js
Stack Trace:
#0 /Users/sansar/public_html/mbay/app/webroot/index.php(108): Dispatcher->dispatch(Object(CakeRequest), Object(CakeResponse))
#1 {main}
2014-03-02 18:44:10 Error: [MissingControllerException] Controller class CssController could not be found.
Exception Attributes: array (
  'class' => 'CssController',
  'plugin' => NULL,
)
Request URL: /css/uploader/blueimg-gallery.min.css
Stack Trace:
#0 /Users/sansar/public_html/mbay/app/webroot/index.php(108): Dispatcher->dispatch(Object(CakeRequest), Object(CakeResponse))
#1 {main}
2014-03-02 18:44:10 Error: [MissingControllerException] Controller class CssController could not be found.
Exception Attributes: array (
  'class' => 'CssController',
  'plugin' => NULL,
)
Request URL: /css/img/loading.gif
Stack Trace:
#0 /Users/sansar/public_html/mbay/app/webroot/index.php(108): Dispatcher->dispatch(Object(CakeRequest), Object(CakeResponse))
#1 {main}
2014-03-02 18:57:23 Error: [MissingControllerException] Controller class CssController could not be found.
Exception Attributes: array (
  'class' => 'CssController',
  'plugin' => NULL,
)
Request URL: /css/img/loading.gif
Stack Trace:
#0 /Users/sansar/public_html/mbay/app/webroot/index.php(108): Dispatcher->dispatch(Object(CakeRequest), Object(CakeResponse))
#1 {main}
2014-03-02 19:02:17 Error: [MissingControllerException] Controller class CssController could not be found.
Exception Attributes: array (
  'class' => 'CssController',
  'plugin' => NULL,
)
Request URL: /css/img/loading.gif
Stack Trace:
#0 /Users/sansar/public_html/mbay/app/webroot/index.php(108): Dispatcher->dispatch(Object(CakeRequest), Object(CakeResponse))
#1 {main}
2014-03-02 19:20:54 Error: [MissingControllerException] Controller class ServerController could not be found.
Exception Attributes: array (
  'class' => 'ServerController',
  'plugin' => NULL,
)
Request URL: /server/php/files/tmp/dirpath/thumbnail/2c8569ecdc908b37f79c5bb830b50c25%20(7).png
Stack Trace:
#0 /Users/sansar/public_html/mbay/app/webroot/index.php(108): Dispatcher->dispatch(Object(CakeRequest), Object(CakeResponse))
#1 {main}
2014-03-02 19:20:54 Error: [MissingControllerException] Controller class ServerController could not be found.
Exception Attributes: array (
  'class' => 'ServerController',
  'plugin' => NULL,
)
Request URL: /server/php/files/tmp/dirpath/thumbnail/2c8569ecdc908b37f79c5bb830b50c25.png
Stack Trace:
#0 /Users/sansar/public_html/mbay/app/webroot/index.php(108): Dispatcher->dispatch(Object(CakeRequest), Object(CakeResponse))
#1 {main}
2014-03-02 19:20:54 Error: [MissingControllerException] Controller class ServerController could not be found.
Exception Attributes: array (
  'class' => 'ServerController',
  'plugin' => NULL,
)
Request URL: /server/php/files/tmp/dirpath/middle/2c8569ecdc908b37f79c5bb830b50c25.png
Stack Trace:
#0 /Users/sansar/public_html/mbay/app/webroot/index.php(108): Dispatcher->dispatch(Object(CakeRequest), Object(CakeResponse))
#1 {main}
2014-03-02 19:20:54 Error: [MissingControllerException] Controller class ServerController could not be found.
Exception Attributes: array (
  'class' => 'ServerController',
  'plugin' => NULL,
)
Request URL: /server/php/files/tmp/dirpath/2c8569ecdc908b37f79c5bb830b50c25.png
Stack Trace:
#0 /Users/sansar/public_html/mbay/app/webroot/index.php(108): Dispatcher->dispatch(Object(CakeRequest), Object(CakeResponse))
#1 {main}
2014-03-02 19:21:48 Error: [MissingControllerException] Controller class ServerController could not be found.
Exception Attributes: array (
  'class' => 'ServerController',
  'plugin' => NULL,
)
Request URL: /server/php/files/tmp/dirpath/middle/8842424.jpg
Stack Trace:
#0 /Users/sansar/public_html/mbay/app/webroot/index.php(108): Dispatcher->dispatch(Object(CakeRequest), Object(CakeResponse))
#1 {main}
2014-03-02 19:48:10 Error: Fatal Error (1): Class 'Opauth' not found in [/Users/sansar/public_html/mbay/app/Plugin/Opauth/Controller/OpauthAppController.php, line 139]
2014-03-02 19:48:10 Error: [FatalErrorException] Class 'Opauth' not found
Request URL: /auth/facebook
Stack Trace:
#0 /Users/sansar/public_html/mbay/lib/Cake/Error/ErrorHandler.php(203): ErrorHandler::handleFatalError(1, 'Class 'Opauth' ...', '/Users/sansar/p...', 139)
#1 [internal function]: ErrorHandler::handleError(1, 'Class 'Opauth' ...', '/Users/sansar/p...', 139, Array)
#2 /Users/sansar/public_html/mbay/lib/Cake/Core/App.php(929): call_user_func('ErrorHandler::h...', 1, 'Class 'Opauth' ...', '/Users/sansar/p...', 139, Array)
#3 /Users/sansar/public_html/mbay/lib/Cake/Core/App.php(902): App::_checkFatalError()
#4 [internal function]: App::shutdown()
#5 {main}
2014-03-02 21:47:22 Error: [MissingControllerException] Controller class ImgController could not be found.
Exception Attributes: array (
  'class' => 'ImgController',
  'plugin' => NULL,
)
Request URL: /img/
Stack Trace:
#0 /Users/sansar/public_html/mbay/app/webroot/index.php(108): Dispatcher->dispatch(Object(CakeRequest), Object(CakeResponse))
#1 {main}
2014-03-02 22:08:53 Error: [PDOException] SQLSTATE[HY000]: General error: 1364 Field 'owner' doesn't have a default value
Request URL: /goods/complete/101
Stack Trace:
#0 /Users/sansar/public_html/mbay/lib/Cake/Model/Datasource/DboSource.php(458): PDOStatement->execute(Array)
#1 /Users/sansar/public_html/mbay/lib/Cake/Model/Datasource/DboSource.php(424): DboSource->_execute('INSERT INTO `fb...', Array)
#2 /Users/sansar/public_html/mbay/lib/Cake/Model/Datasource/DboSource.php(1004): DboSource->execute('INSERT INTO `fb...')
#3 /Users/sansar/public_html/mbay/lib/Cake/Model/Model.php(1832): DboSource->create(Object(Good), Array, Array)
#4 /Users/sansar/public_html/mbay/app/Controller/GoodsController.php(63): Model->save(Array, false)
#5 [internal function]: GoodsController->complete('101')
#6 /Users/sansar/public_html/mbay/lib/Cake/Controller/Controller.php(490): ReflectionMethod->invokeArgs(Object(GoodsController), Array)
#7 /Users/sansar/public_html/mbay/lib/Cake/Routing/Dispatcher.php(185): Controller->invokeAction(Object(CakeRequest))
#8 /Users/sansar/public_html/mbay/lib/Cake/Routing/Dispatcher.php(160): Dispatcher->_invoke(Object(GoodsController), Object(CakeRequest), Object(CakeResponse))
#9 /Users/sansar/public_html/mbay/app/webroot/index.php(108): Dispatcher->dispatch(Object(CakeRequest), Object(CakeResponse))
#10 {main}
2014-03-02 22:12:05 Error: [PDOException] SQLSTATE[HY000]: General error: 1364 Field 'category' doesn't have a default value
Request URL: /goods/complete/101
Stack Trace:
#0 /Users/sansar/public_html/mbay/lib/Cake/Model/Datasource/DboSource.php(458): PDOStatement->execute(Array)
#1 /Users/sansar/public_html/mbay/lib/Cake/Model/Datasource/DboSource.php(424): DboSource->_execute('INSERT INTO `fb...', Array)
#2 /Users/sansar/public_html/mbay/lib/Cake/Model/Datasource/DboSource.php(1004): DboSource->execute('INSERT INTO `fb...')
#3 /Users/sansar/public_html/mbay/lib/Cake/Model/Model.php(1832): DboSource->create(Object(Good), Array, Array)
#4 /Users/sansar/public_html/mbay/app/Controller/GoodsController.php(66): Model->save(Array, false)
#5 [internal function]: GoodsController->complete('101')
#6 /Users/sansar/public_html/mbay/lib/Cake/Controller/Controller.php(490): ReflectionMethod->invokeArgs(Object(GoodsController), Array)
#7 /Users/sansar/public_html/mbay/lib/Cake/Routing/Dispatcher.php(185): Controller->invokeAction(Object(CakeRequest))
#8 /Users/sansar/public_html/mbay/lib/Cake/Routing/Dispatcher.php(160): Dispatcher->_invoke(Object(GoodsController), Object(CakeRequest), Object(CakeResponse))
#9 /Users/sansar/public_html/mbay/app/webroot/index.php(108): Dispatcher->dispatch(Object(CakeRequest), Object(CakeResponse))
#10 {main}
2014-03-02 22:13:40 Error: [PDOException] SQLSTATE[HY000]: General error: 1364 Field 'end_date' doesn't have a default value
Request URL: /goods/complete/101
Stack Trace:
#0 /Users/sansar/public_html/mbay/lib/Cake/Model/Datasource/DboSource.php(458): PDOStatement->execute(Array)
#1 /Users/sansar/public_html/mbay/lib/Cake/Model/Datasource/DboSource.php(424): DboSource->_execute('INSERT INTO `fb...', Array)
#2 /Users/sansar/public_html/mbay/lib/Cake/Model/Datasource/DboSource.php(1004): DboSource->execute('INSERT INTO `fb...')
#3 /Users/sansar/public_html/mbay/lib/Cake/Model/Model.php(1832): DboSource->create(Object(Good), Array, Array)
#4 /Users/sansar/public_html/mbay/app/Controller/GoodsController.php(66): Model->save(Array, false)
#5 [internal function]: GoodsController->complete('101')
#6 /Users/sansar/public_html/mbay/lib/Cake/Controller/Controller.php(490): ReflectionMethod->invokeArgs(Object(GoodsController), Array)
#7 /Users/sansar/public_html/mbay/lib/Cake/Routing/Dispatcher.php(185): Controller->invokeAction(Object(CakeRequest))
#8 /Users/sansar/public_html/mbay/lib/Cake/Routing/Dispatcher.php(160): Dispatcher->_invoke(Object(GoodsController), Object(CakeRequest), Object(CakeResponse))
#9 /Users/sansar/public_html/mbay/app/webroot/index.php(108): Dispatcher->dispatch(Object(CakeRequest), Object(CakeResponse))
#10 {main}
2014-03-02 22:25:51 Error: [PDOException] SQLSTATE[23000]: Integrity constraint violation: 1048 Column 'secret_number' cannot be null
Request URL: /goods/complete/101
Stack Trace:
#0 /Users/sansar/public_html/mbay/lib/Cake/Model/Datasource/DboSource.php(458): PDOStatement->execute(Array)
#1 /Users/sansar/public_html/mbay/lib/Cake/Model/Datasource/DboSource.php(424): DboSource->_execute('INSERT INTO `fb...', Array)
#2 /Users/sansar/public_html/mbay/lib/Cake/Model/Datasource/DboSource.php(1004): DboSource->execute('INSERT INTO `fb...')
#3 /Users/sansar/public_html/mbay/lib/Cake/Model/Model.php(1832): DboSource->create(Object(Good), Array, Array)
#4 /Users/sansar/public_html/mbay/app/Controller/GoodsController.php(66): Model->save(Array, false)
#5 [internal function]: GoodsController->complete('101')
#6 /Users/sansar/public_html/mbay/lib/Cake/Controller/Controller.php(490): ReflectionMethod->invokeArgs(Object(GoodsController), Array)
#7 /Users/sansar/public_html/mbay/lib/Cake/Routing/Dispatcher.php(185): Controller->invokeAction(Object(CakeRequest))
#8 /Users/sansar/public_html/mbay/lib/Cake/Routing/Dispatcher.php(160): Dispatcher->_invoke(Object(GoodsController), Object(CakeRequest), Object(CakeResponse))
#9 /Users/sansar/public_html/mbay/app/webroot/index.php(108): Dispatcher->dispatch(Object(CakeRequest), Object(CakeResponse))
#10 {main}
2014-03-02 22:26:51 Error: [PDOException] SQLSTATE[23000]: Integrity constraint violation: 1048 Column 'secret_number' cannot be null
Request URL: /goods/complete/101
Stack Trace:
#0 /Users/sansar/public_html/mbay/lib/Cake/Model/Datasource/DboSource.php(458): PDOStatement->execute(Array)
#1 /Users/sansar/public_html/mbay/lib/Cake/Model/Datasource/DboSource.php(424): DboSource->_execute('INSERT INTO `fb...', Array)
#2 /Users/sansar/public_html/mbay/lib/Cake/Model/Datasource/DboSource.php(1004): DboSource->execute('INSERT INTO `fb...')
#3 /Users/sansar/public_html/mbay/lib/Cake/Model/Model.php(1832): DboSource->create(Object(Good), Array, Array)
#4 /Users/sansar/public_html/mbay/app/Controller/GoodsController.php(66): Model->save(Array, false)
#5 [internal function]: GoodsController->complete('101')
#6 /Users/sansar/public_html/mbay/lib/Cake/Controller/Controller.php(490): ReflectionMethod->invokeArgs(Object(GoodsController), Array)
#7 /Users/sansar/public_html/mbay/lib/Cake/Routing/Dispatcher.php(185): Controller->invokeAction(Object(CakeRequest))
#8 /Users/sansar/public_html/mbay/lib/Cake/Routing/Dispatcher.php(160): Dispatcher->_invoke(Object(GoodsController), Object(CakeRequest), Object(CakeResponse))
#9 /Users/sansar/public_html/mbay/app/webroot/index.php(108): Dispatcher->dispatch(Object(CakeRequest), Object(CakeResponse))
#10 {main}
